C51 COMPILER V9.56.0.0   LCDBASIC                                                          03/09/2018 10:34:55 PAGE 1   


C51 COMPILER V9.56.0.0, COMPILATION OF MODULE LCDBASIC
OBJECT MODULE PLACED IN lcdbasic.OBJ
COMPILER INVOKED BY: C:\Keil_v5\C51\BIN\C51.EXE lcdbasic.c OPTIMIZE(8,SPEED) BROWSE DEBUG OBJECTEXTEND TABS(2)

line level    source

   1          #include<reg51.h>
   2          #include "lcd.c"
   3          void delay(unsigned int count)
   4          {
   5   1        unsigned int i;
   6   1        while(count)
   7   1        {
   8   2          i = 115;
   9   2          while(i > 0)
  10   2            i--;
  11   2          count--;
  12   2        }
  13   1      }
  14          
  15          void main()
  16          {
  17   1        lcd_init();
  18   1        lcd_out(1,1,".");
  19   1        lcd_print(2,1,453,4);
  20   1        while(1)
  21   1        {}
  22   1      
  23   1      }


MODULE INFORMATION:   STATIC OVERLAYABLE
   CODE SIZE        =    716    ----
   CONSTANT SIZE    =      2    ----
   XDATA SIZE       =   ----    ----
   PDATA SIZE       =   ----    ----
   DATA SIZE        =   ----      11
   IDATA SIZE       =   ----    ----
   BIT SIZE         =   ----    ----
END OF MODULE INFORMATION.


C51 COMPILATION COMPLETE.  0 WARNING(S),  0 ERROR(S)
